java.lang.reflect.InaccessibleObjectException: Unable to make field private static java.lang.String sun.awt.X11.XToolkit.awtAppClassName accessible: module java.desktop does not "opens sun.awt.X11" to unnamed module @562ef353
	at java.base/java.lang.reflect.AccessibleObject.checkCanSetAccessible(Unknown Source)
	at java.base/java.lang.reflect.AccessibleObject.checkCanSetAccessible(Unknown Source)
	at java.base/java.lang.reflect.Field.checkCanSetAccessible(Unknown Source)
	at java.base/java.lang.reflect.Field.setAccessible(Unknown Source)
	at processing.app.platform.LinuxPlatform.initBase(LinuxPlatform.java:56)
	at processing.app.Platform.initBase(Platform.java:115)
	at processing.app.Base.<init>(Base.java:530)
	at processing.app.Base.createAndShowGUI(Base.java:299)
	at processing.app.Base.lambda$main$0(Base.java:132)
	at java.desktop/java.awt.event.InvocationEvent.dispatch(Unknown Source)
	at java.desktop/java.awt.EventQueue.dispatchEventImpl(Unknown Source)
	at java.desktop/java.awt.EventQueue$4.run(Unknown Source)
	at java.desktop/java.awt.EventQueue$4.run(Unknown Source)
	at java.base/java.security.AccessController.doPrivileged(Unknown Source)
	at java.base/java.security.ProtectionDomain$JavaSecurityAccessImpl.doIntersectionPrivilege(Unknown Source)
	at java.desktop/java.awt.EventQueue.dispatchEvent(Unknown Source)
	at java.desktop/java.awt.EventDispatchThread.pumpOneEventForFilters(Unknown Source)
	at java.desktop/java.awt.EventDispatchThread.pumpEventsForFilter(Unknown Source)
	at java.desktop/java.awt.EventDispatchThread.pumpEventsForHierarchy(Unknown Source)
	at java.desktop/java.awt.EventDispatchThread.pumpEvents(Unknown Source)
	at java.desktop/java.awt.EventDispatchThread.pumpEvents(Unknown Source)
	at java.desktop/java.awt.EventDispatchThread.run(Unknown Source)
